<?xml version="1.0" encoding="UTF-8"?>
<robot generator="Robot 6.0.2 (Python 3.11.2 on win32)" generated="20230316 13:32:16.607" rpa="false" schemaversion="3">
<suite id="s1" name="LoginTest" source="C:\Users\j\PycharmProjects\LoginTest\Tests\LoginTest.robot">
<test id="s1-t1" name="Case 1 : Login Successfull" line="8">
<kw name="Open Browser" library="SeleniumLibrary">
<arg>about:blank</arg>
<arg>chrome</arg>
<doc>Opens a new browser instance to the optional ``url``.</doc>
<msg timestamp="20230316 13:32:16.904" level="INFO">Opening browser 'chrome' to base url 'about:blank'.</msg>
<status status="PASS" starttime="20230316 13:32:16.904" endtime="20230316 13:32:18.322"/>
</kw>
<kw name="Go To" library="SeleniumLibrary">
<arg>http://the-internet.herokuapp.com/login</arg>
<doc>Navigates the current browser window to the provided ``url``.</doc>
<msg timestamp="20230316 13:32:18.336" level="INFO">Opening url 'http://the-internet.herokuapp.com/login'</msg>
<status status="PASS" starttime="20230316 13:32:18.336" endtime="20230316 13:32:44.799"/>
</kw>
<kw name="Maximize Browser Window" library="SeleniumLibrary">
<doc>Maximizes current browser window.</doc>
<status status="PASS" starttime="20230316 13:32:44.799" endtime="20230316 13:32:44.934"/>
</kw>
<kw name="Input Text" library="SeleniumLibrary">
<arg>id:username</arg>
<arg>tomsmith</arg>
<doc>Types the given ``text`` into the text field identified by ``locator``.</doc>
<msg timestamp="20230316 13:32:44.934" level="INFO">Typing text 'tomsmith' into text field 'id:username'.</msg>
<status status="PASS" starttime="20230316 13:32:44.934" endtime="20230316 13:32:45.053"/>
</kw>
<kw name="Input Text" library="SeleniumLibrary">
<arg>id:password</arg>
<arg>SuperSecretPassword!</arg>
<doc>Types the given ``text`` into the text field identified by ``locator``.</doc>
<msg timestamp="20230316 13:32:45.053" level="INFO">Typing text 'SuperSecretPassword!' into text field 'id:password'.</msg>
<status status="PASS" starttime="20230316 13:32:45.053" endtime="20230316 13:32:45.169"/>
</kw>
<kw name="Press Keys" library="SeleniumLibrary">
<arg>xpath://*[@id="login"]/button/i</arg>
<arg>[return]</arg>
<doc>Simulates the user pressing key(s) to an element or on the active browser.</doc>
<msg timestamp="20230316 13:32:45.171" level="INFO">Sending key(s) ('[return]',) to xpath://*[@id="login"]/button/i element.</msg>
<msg timestamp="20230316 13:32:46.105" level="INFO">Sending keys [return]</msg>
<status status="PASS" starttime="20230316 13:32:45.170" endtime="20230316 13:32:46.137"/>
</kw>
<kw name="Page Should Contain" library="SeleniumLibrary">
<arg>You logged into a secure area!</arg>
<doc>Verifies that current page contains ``text``.</doc>
<msg timestamp="20230316 13:32:46.160" level="INFO">Current page contains text 'You logged into a secure area!'.</msg>
<status status="PASS" starttime="20230316 13:32:46.138" endtime="20230316 13:32:46.161"/>
</kw>
<kw name="Press Keys" library="SeleniumLibrary">
<arg>xpath://*[@id="content"]/div/a/i</arg>
<arg>[return]</arg>
<doc>Simulates the user pressing key(s) to an element or on the active browser.</doc>
<msg timestamp="20230316 13:32:46.162" level="INFO">Sending key(s) ('[return]',) to xpath://*[@id="content"]/div/a/i element.</msg>
<msg timestamp="20230316 13:32:47.086" level="INFO">Sending keys [return]</msg>
<status status="PASS" starttime="20230316 13:32:46.161" endtime="20230316 13:32:47.097"/>
</kw>
<kw name="Page Should Contain" library="SeleniumLibrary">
<arg>You logged out of the secure area!</arg>
<doc>Verifies that current page contains ``text``.</doc>
<msg timestamp="20230316 13:32:47.123" level="INFO">Current page contains text 'You logged out of the secure area!'.</msg>
<status status="PASS" starttime="20230316 13:32:47.097" endtime="20230316 13:32:47.123"/>
</kw>
<kw name="Close Browser" library="SeleniumLibrary">
<doc>Closes the current browser.</doc>
<status status="PASS" starttime="20230316 13:32:47.124" endtime="20230316 13:32:49.794"/>
</kw>
<doc>To verify that users can login successfully when put a correct username and password.</doc>
<tag>Functional</tag>
<status status="PASS" starttime="20230316 13:32:16.904" endtime="20230316 13:32:49.794"/>
</test>
<test id="s1-t2" name="Case 2 : Login failed - Password incorrect" line="24">
<kw name="Open Browser" library="SeleniumLibrary">
<arg>about:blank</arg>
<arg>chrome</arg>
<doc>Opens a new browser instance to the optional ``url``.</doc>
<msg timestamp="20230316 13:32:49.794" level="INFO">Opening browser 'chrome' to base url 'about:blank'.</msg>
<status status="PASS" starttime="20230316 13:32:49.794" endtime="20230316 13:32:51.228"/>
</kw>
<kw name="Go To" library="SeleniumLibrary">
<arg>http://the-internet.herokuapp.com/login</arg>
<doc>Navigates the current browser window to the provided ``url``.</doc>
<msg timestamp="20230316 13:32:51.228" level="INFO">Opening url 'http://the-internet.herokuapp.com/login'</msg>
<status status="PASS" starttime="20230316 13:32:51.228" endtime="20230316 13:32:56.378"/>
</kw>
<kw name="Maximize Browser Window" library="SeleniumLibrary">
<doc>Maximizes current browser window.</doc>
<status status="PASS" starttime="20230316 13:32:56.379" endtime="20230316 13:32:56.503"/>
</kw>
<kw name="Input Text" library="SeleniumLibrary">
<arg>id:username</arg>
<arg>tomsmith</arg>
<doc>Types the given ``text`` into the text field identified by ``locator``.</doc>
<msg timestamp="20230316 13:32:56.503" level="INFO">Typing text 'tomsmith' into text field 'id:username'.</msg>
<status status="PASS" starttime="20230316 13:32:56.503" endtime="20230316 13:32:56.629"/>
</kw>
<kw name="Input Text" library="SeleniumLibrary">
<arg>id:password</arg>
<arg>Password!</arg>
<doc>Types the given ``text`` into the text field identified by ``locator``.</doc>
<msg timestamp="20230316 13:32:56.629" level="INFO">Typing text 'Password!' into text field 'id:password'.</msg>
<status status="PASS" starttime="20230316 13:32:56.629" endtime="20230316 13:32:56.731"/>
</kw>
<kw name="Press Keys" library="SeleniumLibrary">
<arg>xpath://*[@id="login"]/button/i</arg>
<arg>[return]</arg>
<doc>Simulates the user pressing key(s) to an element or on the active browser.</doc>
<msg timestamp="20230316 13:32:56.731" level="INFO">Sending key(s) ('[return]',) to xpath://*[@id="login"]/button/i element.</msg>
<msg timestamp="20230316 13:32:57.729" level="INFO">Sending keys [return]</msg>
<status status="PASS" starttime="20230316 13:32:56.731" endtime="20230316 13:32:57.740"/>
</kw>
<kw name="Page Should Contain" library="SeleniumLibrary">
<arg>Your password is invalid!</arg>
<doc>Verifies that current page contains ``text``.</doc>
<msg timestamp="20230316 13:32:57.768" level="INFO">Current page contains text 'Your password is invalid!'.</msg>
<status status="PASS" starttime="20230316 13:32:57.740" endtime="20230316 13:32:57.768"/>
</kw>
<kw name="Close Browser" library="SeleniumLibrary">
<doc>Closes the current browser.</doc>
<status status="PASS" starttime="20230316 13:32:57.768" endtime="20230316 13:32:59.990"/>
</kw>
<doc>To verify that users can login unsuccessfully when they put a correct username but wrong password.</doc>
<tag>Functional</tag>
<status status="PASS" starttime="20230316 13:32:49.794" endtime="20230316 13:32:59.990"/>
</test>
<test id="s1-t3" name="Case 3 : Login failed - Username not found" line="38">
<kw name="Open Browser" library="SeleniumLibrary">
<arg>about:blank</arg>
<arg>chrome</arg>
<doc>Opens a new browser instance to the optional ``url``.</doc>
<msg timestamp="20230316 13:32:59.990" level="INFO">Opening browser 'chrome' to base url 'about:blank'.</msg>
<status status="PASS" starttime="20230316 13:32:59.990" endtime="20230316 13:33:01.476"/>
</kw>
<kw name="Go To" library="SeleniumLibrary">
<arg>http://the-internet.herokuapp.com/login</arg>
<doc>Navigates the current browser window to the provided ``url``.</doc>
<msg timestamp="20230316 13:33:01.476" level="INFO">Opening url 'http://the-internet.herokuapp.com/login'</msg>
<status status="PASS" starttime="20230316 13:33:01.476" endtime="20230316 13:33:11.369"/>
</kw>
<kw name="Maximize Browser Window" library="SeleniumLibrary">
<doc>Maximizes current browser window.</doc>
<status status="PASS" starttime="20230316 13:33:11.370" endtime="20230316 13:33:11.499"/>
</kw>
<kw name="Input Text" library="SeleniumLibrary">
<arg>id:username</arg>
<arg>tomholland</arg>
<doc>Types the given ``text`` into the text field identified by ``locator``.</doc>
<msg timestamp="20230316 13:33:11.499" level="INFO">Typing text 'tomholland' into text field 'id:username'.</msg>
<status status="PASS" starttime="20230316 13:33:11.499" endtime="20230316 13:33:11.658"/>
</kw>
<kw name="Input Text" library="SeleniumLibrary">
<arg>id:password</arg>
<arg>Password!</arg>
<doc>Types the given ``text`` into the text field identified by ``locator``.</doc>
<msg timestamp="20230316 13:33:11.658" level="INFO">Typing text 'Password!' into text field 'id:password'.</msg>
<status status="PASS" starttime="20230316 13:33:11.658" endtime="20230316 13:33:11.760"/>
</kw>
<kw name="Press Keys" library="SeleniumLibrary">
<arg>xpath://*[@id="login"]/button/i</arg>
<arg>[return]</arg>
<doc>Simulates the user pressing key(s) to an element or on the active browser.</doc>
<msg timestamp="20230316 13:33:11.760" level="INFO">Sending key(s) ('[return]',) to xpath://*[@id="login"]/button/i element.</msg>
<msg timestamp="20230316 13:33:12.700" level="INFO">Sending keys [return]</msg>
<status status="PASS" starttime="20230316 13:33:11.760" endtime="20230316 13:33:12.719"/>
</kw>
<kw name="Page Should Contain" library="SeleniumLibrary">
<arg>Your username is invalid!</arg>
<doc>Verifies that current page contains ``text``.</doc>
<msg timestamp="20230316 13:33:12.741" level="INFO">Current page contains text 'Your username is invalid!'.</msg>
<status status="PASS" starttime="20230316 13:33:12.719" endtime="20230316 13:33:12.741"/>
</kw>
<kw name="Close Browser" library="SeleniumLibrary">
<doc>Closes the current browser.</doc>
<status status="PASS" starttime="20230316 13:33:12.742" endtime="20230316 13:33:14.923"/>
</kw>
<doc>To verify that users can login unsuccessfully when they put a username that did not exist.</doc>
<tag>Functional</tag>
<status status="PASS" starttime="20230316 13:32:59.990" endtime="20230316 13:33:14.923"/>
</test>
<doc>Login Functionality</doc>
<status status="PASS" starttime="20230316 13:32:16.607" endtime="20230316 13:33:14.923"/>
</suite>
<statistics>
<total>
<stat pass="3" fail="0" skip="0">All Tests</stat>
</total>
<tag>
<stat pass="3" fail="0" skip="0">Functional</stat>
</tag>
<suite>
<stat pass="3" fail="0" skip="0" id="s1" name="LoginTest">LoginTest</stat>
</suite>
</statistics>
<errors>
</errors>
</robot>
