<?xml version="1.0" encoding="UTF-8"?>
<robot generator="Robot 6.0.2 (Python 3.11.2 on win32)" generated="20230317 03:08:58.759" rpa="false" schemaversion="3">
<suite id="s1" name="LoginTest" source="C:\Users\j\PycharmProjects\LoginTest\Tests\LoginTest.robot">
<test id="s1-t1" name="Case 1 : Login Successfull" line="12">
<kw name="Strat TestCase" library="CommonFunctional" type="SETUP">
<kw name="Open Browser" library="SeleniumLibrary">
<arg>about:blank</arg>
<arg>chrome</arg>
<doc>Opens a new browser instance to the optional ``url``.</doc>
<msg timestamp="20230317 03:08:59.048" level="INFO">Opening browser 'chrome' to base url 'about:blank'.</msg>
<status status="PASS" starttime="20230317 03:08:59.047" endtime="20230317 03:09:00.544"/>
</kw>
<kw name="Go To" library="SeleniumLibrary">
<arg>http://the-internet.herokuapp.com/login</arg>
<doc>Navigates the current browser window to the provided ``url``.</doc>
<msg timestamp="20230317 03:09:00.544" level="INFO">Opening url 'http://the-internet.herokuapp.com/login'</msg>
<status status="PASS" starttime="20230317 03:09:00.544" endtime="20230317 03:09:29.237"/>
</kw>
<kw name="Maximize Browser Window" library="SeleniumLibrary">
<doc>Maximizes current browser window.</doc>
<status status="PASS" starttime="20230317 03:09:29.238" endtime="20230317 03:09:29.359"/>
</kw>
<status status="PASS" starttime="20230317 03:08:59.047" endtime="20230317 03:09:29.360"/>
</kw>
<kw name="Input Text" library="SeleniumLibrary">
<arg>id:username</arg>
<arg>tomsmith</arg>
<doc>Types the given ``text`` into the text field identified by ``locator``.</doc>
<msg timestamp="20230317 03:09:29.361" level="INFO">Typing text 'tomsmith' into text field 'id:username'.</msg>
<status status="PASS" starttime="20230317 03:09:29.360" endtime="20230317 03:09:29.472"/>
</kw>
<kw name="Input Text" library="SeleniumLibrary">
<arg>id:password</arg>
<arg>SuperSecretPassword!</arg>
<doc>Types the given ``text`` into the text field identified by ``locator``.</doc>
<msg timestamp="20230317 03:09:29.475" level="INFO">Typing text 'SuperSecretPassword!' into text field 'id:password'.</msg>
<status status="PASS" starttime="20230317 03:09:29.473" endtime="20230317 03:09:29.586"/>
</kw>
<kw name="Press Keys" library="SeleniumLibrary">
<arg>xpath://*[@id="login"]/button/i</arg>
<arg>[return]</arg>
<doc>Simulates the user pressing key(s) to an element or on the active browser.</doc>
<msg timestamp="20230317 03:09:29.587" level="INFO">Sending key(s) ('[return]',) to xpath://*[@id="login"]/button/i element.</msg>
<msg timestamp="20230317 03:09:30.616" level="INFO">Sending keys [return]</msg>
<status status="PASS" starttime="20230317 03:09:29.586" endtime="20230317 03:09:30.632"/>
</kw>
<kw name="Wait Until Page Contains" library="SeleniumLibrary">
<arg>You logged into a secure area!</arg>
<doc>Waits until ``text`` appears on the current page.</doc>
<status status="PASS" starttime="20230317 03:09:30.632" endtime="20230317 03:09:30.648"/>
</kw>
<kw name="Press Keys" library="SeleniumLibrary">
<arg>xpath://*[@id="content"]/div/a/i</arg>
<arg>[return]</arg>
<doc>Simulates the user pressing key(s) to an element or on the active browser.</doc>
<msg timestamp="20230317 03:09:30.650" level="INFO">Sending key(s) ('[return]',) to xpath://*[@id="content"]/div/a/i element.</msg>
<msg timestamp="20230317 03:09:31.599" level="INFO">Sending keys [return]</msg>
<status status="PASS" starttime="20230317 03:09:30.649" endtime="20230317 03:09:31.615"/>
</kw>
<kw name="Wait Until Page Contains" library="SeleniumLibrary">
<arg>You logged out of the secure area!</arg>
<doc>Waits until ``text`` appears on the current page.</doc>
<status status="PASS" starttime="20230317 03:09:31.616" endtime="20230317 03:09:31.628"/>
</kw>
<kw name="Finish TestCase" library="CommonFunctional" type="TEARDOWN">
<kw name="Close Browser" library="SeleniumLibrary">
<doc>Closes the current browser.</doc>
<status status="PASS" starttime="20230317 03:09:31.628" endtime="20230317 03:09:33.843"/>
</kw>
<status status="PASS" starttime="20230317 03:09:31.628" endtime="20230317 03:09:33.844"/>
</kw>
<doc>To verify that users can login successfully when put a correct username and password.</doc>
<tag>Functional</tag>
<status status="PASS" starttime="20230317 03:08:59.046" endtime="20230317 03:09:33.845"/>
</test>
<test id="s1-t2" name="Case 2 : Login failed - Password incorrect" line="23">
<kw name="Strat TestCase" library="CommonFunctional" type="SETUP">
<kw name="Open Browser" library="SeleniumLibrary">
<arg>about:blank</arg>
<arg>chrome</arg>
<doc>Opens a new browser instance to the optional ``url``.</doc>
<msg timestamp="20230317 03:09:33.855" level="INFO">Opening browser 'chrome' to base url 'about:blank'.</msg>
<status status="PASS" starttime="20230317 03:09:33.853" endtime="20230317 03:09:35.222"/>
</kw>
<kw name="Go To" library="SeleniumLibrary">
<arg>http://the-internet.herokuapp.com/login</arg>
<doc>Navigates the current browser window to the provided ``url``.</doc>
<msg timestamp="20230317 03:09:35.223" level="INFO">Opening url 'http://the-internet.herokuapp.com/login'</msg>
<status status="PASS" starttime="20230317 03:09:35.222" endtime="20230317 03:09:40.189"/>
</kw>
<kw name="Maximize Browser Window" library="SeleniumLibrary">
<doc>Maximizes current browser window.</doc>
<status status="PASS" starttime="20230317 03:09:40.190" endtime="20230317 03:09:40.326"/>
</kw>
<status status="PASS" starttime="20230317 03:09:33.852" endtime="20230317 03:09:40.327"/>
</kw>
<kw name="Input Text" library="SeleniumLibrary">
<arg>id:username</arg>
<arg>tomsmith</arg>
<doc>Types the given ``text`` into the text field identified by ``locator``.</doc>
<msg timestamp="20230317 03:09:40.330" level="INFO">Typing text 'tomsmith' into text field 'id:username'.</msg>
<status status="PASS" starttime="20230317 03:09:40.328" endtime="20230317 03:09:40.479"/>
</kw>
<kw name="Input Text" library="SeleniumLibrary">
<arg>id:password</arg>
<arg>Password!</arg>
<doc>Types the given ``text`` into the text field identified by ``locator``.</doc>
<msg timestamp="20230317 03:09:40.481" level="INFO">Typing text 'Password!' into text field 'id:password'.</msg>
<status status="PASS" starttime="20230317 03:09:40.480" endtime="20230317 03:09:40.578"/>
</kw>
<kw name="Press Keys" library="SeleniumLibrary">
<arg>xpath://*[@id="login"]/button/i</arg>
<arg>[return]</arg>
<doc>Simulates the user pressing key(s) to an element or on the active browser.</doc>
<msg timestamp="20230317 03:09:40.579" level="INFO">Sending key(s) ('[return]',) to xpath://*[@id="login"]/button/i element.</msg>
<msg timestamp="20230317 03:09:42.742" level="INFO">Sending keys [return]</msg>
<status status="PASS" starttime="20230317 03:09:40.579" endtime="20230317 03:09:42.757"/>
</kw>
<kw name="Wait Until Page Contains" library="SeleniumLibrary">
<arg>Your password is invalid!</arg>
<doc>Waits until ``text`` appears on the current page.</doc>
<status status="PASS" starttime="20230317 03:09:42.758" endtime="20230317 03:09:42.778"/>
</kw>
<kw name="Finish TestCase" library="CommonFunctional" type="TEARDOWN">
<kw name="Close Browser" library="SeleniumLibrary">
<doc>Closes the current browser.</doc>
<status status="PASS" starttime="20230317 03:09:42.779" endtime="20230317 03:09:44.972"/>
</kw>
<status status="PASS" starttime="20230317 03:09:42.778" endtime="20230317 03:09:44.972"/>
</kw>
<doc>To verify that users can login unsuccessfully when they put a correct username but wrong password.</doc>
<tag>Functional</tag>
<status status="PASS" starttime="20230317 03:09:33.849" endtime="20230317 03:09:44.973"/>
</test>
<test id="s1-t3" name="Case 3 : Login failed - Username not found" line="32">
<kw name="Strat TestCase" library="CommonFunctional" type="SETUP">
<kw name="Open Browser" library="SeleniumLibrary">
<arg>about:blank</arg>
<arg>chrome</arg>
<doc>Opens a new browser instance to the optional ``url``.</doc>
<msg timestamp="20230317 03:09:44.976" level="INFO">Opening browser 'chrome' to base url 'about:blank'.</msg>
<status status="PASS" starttime="20230317 03:09:44.975" endtime="20230317 03:09:46.485"/>
</kw>
<kw name="Go To" library="SeleniumLibrary">
<arg>http://the-internet.herokuapp.com/login</arg>
<doc>Navigates the current browser window to the provided ``url``.</doc>
<msg timestamp="20230317 03:09:46.486" level="INFO">Opening url 'http://the-internet.herokuapp.com/login'</msg>
<status status="PASS" starttime="20230317 03:09:46.485" endtime="20230317 03:09:54.615"/>
</kw>
<kw name="Maximize Browser Window" library="SeleniumLibrary">
<doc>Maximizes current browser window.</doc>
<status status="PASS" starttime="20230317 03:09:54.615" endtime="20230317 03:09:54.742"/>
</kw>
<status status="PASS" starttime="20230317 03:09:44.975" endtime="20230317 03:09:54.743"/>
</kw>
<kw name="Input Text" library="SeleniumLibrary">
<arg>id:username</arg>
<arg>tomholland</arg>
<doc>Types the given ``text`` into the text field identified by ``locator``.</doc>
<msg timestamp="20230317 03:09:54.744" level="INFO">Typing text 'tomholland' into text field 'id:username'.</msg>
<status status="PASS" starttime="20230317 03:09:54.743" endtime="20230317 03:09:54.895"/>
</kw>
<kw name="Input Text" library="SeleniumLibrary">
<arg>id:password</arg>
<arg>Password!</arg>
<doc>Types the given ``text`` into the text field identified by ``locator``.</doc>
<msg timestamp="20230317 03:09:54.897" level="INFO">Typing text 'Password!' into text field 'id:password'.</msg>
<status status="PASS" starttime="20230317 03:09:54.896" endtime="20230317 03:09:55.006"/>
</kw>
<kw name="Press Keys" library="SeleniumLibrary">
<arg>xpath://*[@id="login"]/button/i</arg>
<arg>[return]</arg>
<doc>Simulates the user pressing key(s) to an element or on the active browser.</doc>
<msg timestamp="20230317 03:09:55.007" level="INFO">Sending key(s) ('[return]',) to xpath://*[@id="login"]/button/i element.</msg>
<msg timestamp="20230317 03:09:56.000" level="INFO">Sending keys [return]</msg>
<status status="PASS" starttime="20230317 03:09:55.007" endtime="20230317 03:09:56.020"/>
</kw>
<kw name="Wait Until Page Contains" library="SeleniumLibrary">
<arg>Your username is invalid!</arg>
<doc>Waits until ``text`` appears on the current page.</doc>
<status status="PASS" starttime="20230317 03:09:56.021" endtime="20230317 03:09:56.041"/>
</kw>
<kw name="Finish TestCase" library="CommonFunctional" type="TEARDOWN">
<kw name="Close Browser" library="SeleniumLibrary">
<doc>Closes the current browser.</doc>
<status status="PASS" starttime="20230317 03:09:56.042" endtime="20230317 03:09:58.232"/>
</kw>
<status status="PASS" starttime="20230317 03:09:56.042" endtime="20230317 03:09:58.232"/>
</kw>
<doc>To verify that users can login unsuccessfully when they put a username that did not exist.</doc>
<tag>Functional</tag>
<status status="PASS" starttime="20230317 03:09:44.974" endtime="20230317 03:09:58.233"/>
</test>
<doc>Login Functionality</doc>
<status status="PASS" starttime="20230317 03:08:58.761" endtime="20230317 03:09:58.236"/>
</suite>
<statistics>
<total>
<stat pass="3" fail="0" skip="0">All Tests</stat>
</total>
<tag>
<stat pass="3" fail="0" skip="0">Functional</stat>
</tag>
<suite>
<stat pass="3" fail="0" skip="0" id="s1" name="LoginTest">LoginTest</stat>
</suite>
</statistics>
<errors>
</errors>
</robot>
