<?xml version="1.0" encoding="UTF-8"?>
<robot generator="Robot 6.0.2 (Python 3.11.2 on win32)" generated="20230317 01:20:39.037" rpa="false" schemaversion="3">
<suite id="s1" name="LoginTest" source="C:\Users\j\PycharmProjects\LoginTest\Tests\LoginTest.robot">
<test id="s1-t1" name="Case 1 : Login Successfull" line="8">
<kw name="Open Browser" library="SeleniumLibrary">
<arg>about:blank</arg>
<arg>chrome</arg>
<doc>Opens a new browser instance to the optional ``url``.</doc>
<msg timestamp="20230317 01:20:41.438" level="INFO">Opening browser 'chrome' to base url 'about:blank'.</msg>
<status status="PASS" starttime="20230317 01:20:41.437" endtime="20230317 01:20:52.051"/>
</kw>
<kw name="Go To" library="SeleniumLibrary">
<arg>http://the-internet.herokuapp.com/login</arg>
<doc>Navigates the current browser window to the provided ``url``.</doc>
<msg timestamp="20230317 01:20:52.053" level="INFO">Opening url 'http://the-internet.herokuapp.com/login'</msg>
<status status="PASS" starttime="20230317 01:20:52.053" endtime="20230317 01:20:55.882"/>
</kw>
<kw name="Maximize Browser Window" library="SeleniumLibrary">
<doc>Maximizes current browser window.</doc>
<status status="PASS" starttime="20230317 01:20:55.883" endtime="20230317 01:20:56.074"/>
</kw>
<kw name="Input Text" library="SeleniumLibrary">
<arg>id:username</arg>
<arg>tomsmith</arg>
<doc>Types the given ``text`` into the text field identified by ``locator``.</doc>
<msg timestamp="20230317 01:20:56.080" level="INFO">Typing text 'tomsmith' into text field 'id:username'.</msg>
<status status="PASS" starttime="20230317 01:20:56.076" endtime="20230317 01:20:56.981"/>
</kw>
<kw name="Input Text" library="SeleniumLibrary">
<arg>id:password</arg>
<arg>SuperSecretPassword!</arg>
<doc>Types the given ``text`` into the text field identified by ``locator``.</doc>
<msg timestamp="20230317 01:20:56.983" level="INFO">Typing text 'SuperSecretPassword!' into text field 'id:password'.</msg>
<status status="PASS" starttime="20230317 01:20:56.982" endtime="20230317 01:20:57.096"/>
</kw>
<kw name="Press Keys" library="SeleniumLibrary">
<arg>xpath://*[@id="login"]/button/i</arg>
<arg>[return]</arg>
<doc>Simulates the user pressing key(s) to an element or on the active browser.</doc>
<msg timestamp="20230317 01:20:57.097" level="INFO">Sending key(s) ('[return]',) to xpath://*[@id="login"]/button/i element.</msg>
<msg timestamp="20230317 01:20:58.376" level="INFO">Sending keys [return]</msg>
<status status="PASS" starttime="20230317 01:20:57.097" endtime="20230317 01:20:58.402"/>
</kw>
<kw name="Page Should Contain" library="SeleniumLibrary">
<arg>You logged into a secure area!</arg>
<doc>Verifies that current page contains ``text``.</doc>
<msg timestamp="20230317 01:20:58.437" level="INFO">Current page contains text 'You logged into a secure area!'.</msg>
<status status="PASS" starttime="20230317 01:20:58.404" endtime="20230317 01:20:58.437"/>
</kw>
<kw name="Press Keys" library="SeleniumLibrary">
<arg>xpath://*[@id="content"]/div/a/i</arg>
<arg>[return]</arg>
<doc>Simulates the user pressing key(s) to an element or on the active browser.</doc>
<msg timestamp="20230317 01:20:58.439" level="INFO">Sending key(s) ('[return]',) to xpath://*[@id="content"]/div/a/i element.</msg>
<msg timestamp="20230317 01:20:59.632" level="INFO">Sending keys [return]</msg>
<status status="PASS" starttime="20230317 01:20:58.438" endtime="20230317 01:20:59.653"/>
</kw>
<kw name="Wait Until Page Contains" library="SeleniumLibrary">
<arg>You logged out of the secure area!</arg>
<doc>Waits until ``text`` appears on the current page.</doc>
<status status="PASS" starttime="20230317 01:20:59.653" endtime="20230317 01:20:59.666"/>
</kw>
<kw name="Close Browser" library="SeleniumLibrary">
<doc>Closes the current browser.</doc>
<status status="PASS" starttime="20230317 01:20:59.667" endtime="20230317 01:21:02.068"/>
</kw>
<doc>To verify that users can login successfully when put a correct username and password.</doc>
<tag>Functional</tag>
<status status="PASS" starttime="20230317 01:20:41.436" endtime="20230317 01:21:02.070"/>
</test>
<test id="s1-t2" name="Case 2 : Login failed - Password incorrect" line="24">
<kw name="Open Browser" library="SeleniumLibrary">
<arg>about:blank</arg>
<arg>chrome</arg>
<doc>Opens a new browser instance to the optional ``url``.</doc>
<msg timestamp="20230317 01:21:02.079" level="INFO">Opening browser 'chrome' to base url 'about:blank'.</msg>
<status status="PASS" starttime="20230317 01:21:02.077" endtime="20230317 01:21:03.638"/>
</kw>
<kw name="Go To" library="SeleniumLibrary">
<arg>http://the-internet.herokuapp.com/login</arg>
<doc>Navigates the current browser window to the provided ``url``.</doc>
<msg timestamp="20230317 01:21:03.639" level="INFO">Opening url 'http://the-internet.herokuapp.com/login'</msg>
<status status="PASS" starttime="20230317 01:21:03.639" endtime="20230317 01:21:14.086"/>
</kw>
<kw name="Maximize Browser Window" library="SeleniumLibrary">
<doc>Maximizes current browser window.</doc>
<status status="PASS" starttime="20230317 01:21:14.087" endtime="20230317 01:21:14.219"/>
</kw>
<kw name="Input Text" library="SeleniumLibrary">
<arg>id:username</arg>
<arg>tomsmith</arg>
<doc>Types the given ``text`` into the text field identified by ``locator``.</doc>
<msg timestamp="20230317 01:21:14.225" level="INFO">Typing text 'tomsmith' into text field 'id:username'.</msg>
<status status="PASS" starttime="20230317 01:21:14.220" endtime="20230317 01:21:14.363"/>
</kw>
<kw name="Input Text" library="SeleniumLibrary">
<arg>id:password</arg>
<arg>Password!</arg>
<doc>Types the given ``text`` into the text field identified by ``locator``.</doc>
<msg timestamp="20230317 01:21:14.364" level="INFO">Typing text 'Password!' into text field 'id:password'.</msg>
<status status="PASS" starttime="20230317 01:21:14.364" endtime="20230317 01:21:14.469"/>
</kw>
<kw name="Press Keys" library="SeleniumLibrary">
<arg>xpath://*[@id="login"]/button/i</arg>
<arg>[return]</arg>
<doc>Simulates the user pressing key(s) to an element or on the active browser.</doc>
<msg timestamp="20230317 01:21:14.470" level="INFO">Sending key(s) ('[return]',) to xpath://*[@id="login"]/button/i element.</msg>
<msg timestamp="20230317 01:21:16.359" level="INFO">Sending keys [return]</msg>
<status status="PASS" starttime="20230317 01:21:14.469" endtime="20230317 01:21:16.377"/>
</kw>
<kw name="Wait Until Page Contains" library="SeleniumLibrary">
<arg>Your password is invalid!</arg>
<doc>Waits until ``text`` appears on the current page.</doc>
<status status="PASS" starttime="20230317 01:21:16.378" endtime="20230317 01:21:16.397"/>
</kw>
<kw name="Close Browser" library="SeleniumLibrary">
<doc>Closes the current browser.</doc>
<status status="PASS" starttime="20230317 01:21:16.398" endtime="20230317 01:21:19.088"/>
</kw>
<doc>To verify that users can login unsuccessfully when they put a correct username but wrong password.</doc>
<tag>Functional</tag>
<status status="PASS" starttime="20230317 01:21:02.074" endtime="20230317 01:21:19.089"/>
</test>
<test id="s1-t3" name="Case 3 : Login failed - Username not found" line="38">
<kw name="Open Browser" library="SeleniumLibrary">
<arg>about:blank</arg>
<arg>chrome</arg>
<doc>Opens a new browser instance to the optional ``url``.</doc>
<msg timestamp="20230317 01:21:19.100" level="INFO">Opening browser 'chrome' to base url 'about:blank'.</msg>
<status status="PASS" starttime="20230317 01:21:19.098" endtime="20230317 01:21:20.593"/>
</kw>
<kw name="Go To" library="SeleniumLibrary">
<arg>http://the-internet.herokuapp.com/login</arg>
<doc>Navigates the current browser window to the provided ``url``.</doc>
<msg timestamp="20230317 01:21:20.594" level="INFO">Opening url 'http://the-internet.herokuapp.com/login'</msg>
<status status="PASS" starttime="20230317 01:21:20.594" endtime="20230317 01:21:26.868"/>
</kw>
<kw name="Maximize Browser Window" library="SeleniumLibrary">
<doc>Maximizes current browser window.</doc>
<status status="PASS" starttime="20230317 01:21:26.870" endtime="20230317 01:21:26.999"/>
</kw>
<kw name="Input Text" library="SeleniumLibrary">
<arg>id:username</arg>
<arg>tomholland</arg>
<doc>Types the given ``text`` into the text field identified by ``locator``.</doc>
<msg timestamp="20230317 01:21:27.036" level="INFO">Typing text 'tomholland' into text field 'id:username'.</msg>
<status status="PASS" starttime="20230317 01:21:27.034" endtime="20230317 01:21:27.156"/>
</kw>
<kw name="Input Text" library="SeleniumLibrary">
<arg>id:password</arg>
<arg>Password!</arg>
<doc>Types the given ``text`` into the text field identified by ``locator``.</doc>
<msg timestamp="20230317 01:21:27.158" level="INFO">Typing text 'Password!' into text field 'id:password'.</msg>
<status status="PASS" starttime="20230317 01:21:27.157" endtime="20230317 01:21:27.282"/>
</kw>
<kw name="Press Keys" library="SeleniumLibrary">
<arg>xpath://*[@id="login"]/button/i</arg>
<arg>[return]</arg>
<doc>Simulates the user pressing key(s) to an element or on the active browser.</doc>
<msg timestamp="20230317 01:21:27.285" level="INFO">Sending key(s) ('[return]',) to xpath://*[@id="login"]/button/i element.</msg>
<msg timestamp="20230317 01:21:29.418" level="INFO">Sending keys [return]</msg>
<status status="PASS" starttime="20230317 01:21:27.283" endtime="20230317 01:21:29.437"/>
</kw>
<kw name="Wait Until Page Contains" library="SeleniumLibrary">
<arg>Your username is invalid!</arg>
<doc>Waits until ``text`` appears on the current page.</doc>
<status status="PASS" starttime="20230317 01:21:29.437" endtime="20230317 01:21:29.457"/>
</kw>
<kw name="Close Browser" library="SeleniumLibrary">
<doc>Closes the current browser.</doc>
<status status="PASS" starttime="20230317 01:21:29.457" endtime="20230317 01:21:31.800"/>
</kw>
<doc>To verify that users can login unsuccessfully when they put a username that did not exist.</doc>
<tag>Functional</tag>
<status status="PASS" starttime="20230317 01:21:19.094" endtime="20230317 01:21:31.801"/>
</test>
<doc>Login Functionality</doc>
<status status="PASS" starttime="20230317 01:20:39.040" endtime="20230317 01:21:31.808"/>
</suite>
<statistics>
<total>
<stat pass="3" fail="0" skip="0">All Tests</stat>
</total>
<tag>
<stat pass="3" fail="0" skip="0">Functional</stat>
</tag>
<suite>
<stat pass="3" fail="0" skip="0" id="s1" name="LoginTest">LoginTest</stat>
</suite>
</statistics>
<errors>
</errors>
</robot>
