<?xml version="1.0" encoding="UTF-8"?>
<robot generator="Robot 6.0.2 (Python 3.11.2 on win32)" generated="20230317 02:57:09.036" rpa="false" schemaversion="3">
<suite id="s1" name="LoginTest" source="C:\Users\j\PycharmProjects\LoginTest\Tests\LoginTest.robot">
<test id="s1-t1" name="Case 1 : Login Successfull" line="12">
<kw name="Strat TestCase" library="CommonFunctional" type="SETUP">
<kw name="Open Browser" library="SeleniumLibrary">
<arg>about:blank</arg>
<arg>chrome</arg>
<doc>Opens a new browser instance to the optional ``url``.</doc>
<msg timestamp="20230317 02:57:10.958" level="INFO">Opening browser 'chrome' to base url 'about:blank'.</msg>
<status status="PASS" starttime="20230317 02:57:10.957" endtime="20230317 02:57:17.813"/>
</kw>
<kw name="Go To" library="SeleniumLibrary">
<arg>http://the-internet.herokuapp.com/login</arg>
<doc>Navigates the current browser window to the provided ``url``.</doc>
<msg timestamp="20230317 02:57:17.813" level="INFO">Opening url 'http://the-internet.herokuapp.com/login'</msg>
<status status="PASS" starttime="20230317 02:57:17.813" endtime="20230317 02:57:47.969"/>
</kw>
<kw name="Maximize Browser Window" library="SeleniumLibrary">
<doc>Maximizes current browser window.</doc>
<status status="PASS" starttime="20230317 02:57:47.970" endtime="20230317 02:57:48.101"/>
</kw>
<status status="PASS" starttime="20230317 02:57:10.957" endtime="20230317 02:57:48.102"/>
</kw>
<kw name="Input Text" library="SeleniumLibrary">
<arg>id:username</arg>
<arg>tomsmith</arg>
<doc>Types the given ``text`` into the text field identified by ``locator``.</doc>
<msg timestamp="20230317 02:57:48.103" level="INFO">Typing text 'tomsmith' into text field 'id:username'.</msg>
<status status="PASS" starttime="20230317 02:57:48.102" endtime="20230317 02:57:48.347"/>
</kw>
<kw name="Input Text" library="SeleniumLibrary">
<arg>id:password</arg>
<arg>SuperSecretPassword!</arg>
<doc>Types the given ``text`` into the text field identified by ``locator``.</doc>
<msg timestamp="20230317 02:57:48.348" level="INFO">Typing text 'SuperSecretPassword!' into text field 'id:password'.</msg>
<status status="PASS" starttime="20230317 02:57:48.347" endtime="20230317 02:57:48.477"/>
</kw>
<kw name="Press Keys" library="SeleniumLibrary">
<arg>xpath://*[@id="login"]/button/i</arg>
<arg>[return]</arg>
<doc>Simulates the user pressing key(s) to an element or on the active browser.</doc>
<msg timestamp="20230317 02:57:48.480" level="INFO">Sending key(s) ('[return]',) to xpath://*[@id="login"]/button/i element.</msg>
<msg timestamp="20230317 02:57:49.519" level="INFO">Sending keys [return]</msg>
<status status="PASS" starttime="20230317 02:57:48.479" endtime="20230317 02:57:49.535"/>
</kw>
<kw name="Page Should Contain" library="SeleniumLibrary">
<arg>You logged into a secure area!</arg>
<doc>Verifies that current page contains ``text``.</doc>
<msg timestamp="20230317 02:57:49.569" level="INFO">Current page contains text 'You logged into a secure area!'.</msg>
<status status="PASS" starttime="20230317 02:57:49.536" endtime="20230317 02:57:49.569"/>
</kw>
<kw name="Press Keys" library="SeleniumLibrary">
<arg>xpath://*[@id="content"]/div/a/i</arg>
<arg>[return]</arg>
<doc>Simulates the user pressing key(s) to an element or on the active browser.</doc>
<msg timestamp="20230317 02:57:49.570" level="INFO">Sending key(s) ('[return]',) to xpath://*[@id="content"]/div/a/i element.</msg>
<msg timestamp="20230317 02:57:50.522" level="INFO">Sending keys [return]</msg>
<status status="PASS" starttime="20230317 02:57:49.569" endtime="20230317 02:57:50.540"/>
</kw>
<kw name="Wait Until Page Contains" library="SeleniumLibrary">
<arg>You logged out of the secure area!</arg>
<doc>Waits until ``text`` appears on the current page.</doc>
<status status="PASS" starttime="20230317 02:57:50.541" endtime="20230317 02:57:50.554"/>
</kw>
<kw name="Finish TestCase" library="CommonFunctional" type="TEARDOWN">
<kw name="Close Browser" library="SeleniumLibrary">
<doc>Closes the current browser.</doc>
<status status="PASS" starttime="20230317 02:57:50.555" endtime="20230317 02:57:52.772"/>
</kw>
<status status="PASS" starttime="20230317 02:57:50.555" endtime="20230317 02:57:52.772"/>
</kw>
<doc>To verify that users can login successfully when put a correct username and password.</doc>
<tag>Functional</tag>
<status status="PASS" starttime="20230317 02:57:10.956" endtime="20230317 02:57:52.774"/>
</test>
<test id="s1-t2" name="Case 2 : Login failed - Password incorrect" line="25">
<kw name="Strat TestCase" library="CommonFunctional" type="SETUP">
<kw name="Open Browser" library="SeleniumLibrary">
<arg>about:blank</arg>
<arg>chrome</arg>
<doc>Opens a new browser instance to the optional ``url``.</doc>
<msg timestamp="20230317 02:57:52.784" level="INFO">Opening browser 'chrome' to base url 'about:blank'.</msg>
<status status="PASS" starttime="20230317 02:57:52.782" endtime="20230317 02:57:54.396"/>
</kw>
<kw name="Go To" library="SeleniumLibrary">
<arg>http://the-internet.herokuapp.com/login</arg>
<doc>Navigates the current browser window to the provided ``url``.</doc>
<msg timestamp="20230317 02:57:54.396" level="INFO">Opening url 'http://the-internet.herokuapp.com/login'</msg>
<status status="PASS" starttime="20230317 02:57:54.396" endtime="20230317 02:58:12.010"/>
</kw>
<kw name="Maximize Browser Window" library="SeleniumLibrary">
<doc>Maximizes current browser window.</doc>
<status status="PASS" starttime="20230317 02:58:12.010" endtime="20230317 02:58:12.145"/>
</kw>
<status status="PASS" starttime="20230317 02:57:52.781" endtime="20230317 02:58:12.146"/>
</kw>
<kw name="Input Text" library="SeleniumLibrary">
<arg>id:username</arg>
<arg>tomsmith</arg>
<doc>Types the given ``text`` into the text field identified by ``locator``.</doc>
<msg timestamp="20230317 02:58:12.150" level="INFO">Typing text 'tomsmith' into text field 'id:username'.</msg>
<status status="PASS" starttime="20230317 02:58:12.147" endtime="20230317 02:58:12.309"/>
</kw>
<kw name="Input Text" library="SeleniumLibrary">
<arg>id:password</arg>
<arg>Password!</arg>
<doc>Types the given ``text`` into the text field identified by ``locator``.</doc>
<msg timestamp="20230317 02:58:12.311" level="INFO">Typing text 'Password!' into text field 'id:password'.</msg>
<status status="PASS" starttime="20230317 02:58:12.309" endtime="20230317 02:58:12.411"/>
</kw>
<kw name="Press Keys" library="SeleniumLibrary">
<arg>xpath://*[@id="login"]/button/i</arg>
<arg>[return]</arg>
<doc>Simulates the user pressing key(s) to an element or on the active browser.</doc>
<msg timestamp="20230317 02:58:12.412" level="INFO">Sending key(s) ('[return]',) to xpath://*[@id="login"]/button/i element.</msg>
<msg timestamp="20230317 02:58:13.383" level="INFO">Sending keys [return]</msg>
<status status="PASS" starttime="20230317 02:58:12.411" endtime="20230317 02:58:13.399"/>
</kw>
<kw name="Wait Until Page Contains" library="SeleniumLibrary">
<arg>Your password is invalid!</arg>
<doc>Waits until ``text`` appears on the current page.</doc>
<status status="PASS" starttime="20230317 02:58:13.399" endtime="20230317 02:58:13.416"/>
</kw>
<kw name="Finish TestCase" library="CommonFunctional" type="TEARDOWN">
<kw name="Close Browser" library="SeleniumLibrary">
<doc>Closes the current browser.</doc>
<status status="PASS" starttime="20230317 02:58:13.417" endtime="20230317 02:58:15.621"/>
</kw>
<status status="PASS" starttime="20230317 02:58:13.416" endtime="20230317 02:58:15.622"/>
</kw>
<doc>To verify that users can login unsuccessfully when they put a correct username but wrong password.</doc>
<tag>Functional</tag>
<status status="PASS" starttime="20230317 02:57:52.778" endtime="20230317 02:58:15.623"/>
</test>
<test id="s1-t3" name="Case 3 : Login failed - Username not found" line="36">
<kw name="Strat TestCase" library="CommonFunctional" type="SETUP">
<kw name="Open Browser" library="SeleniumLibrary">
<arg>about:blank</arg>
<arg>chrome</arg>
<doc>Opens a new browser instance to the optional ``url``.</doc>
<msg timestamp="20230317 02:58:15.633" level="INFO">Opening browser 'chrome' to base url 'about:blank'.</msg>
<status status="PASS" starttime="20230317 02:58:15.631" endtime="20230317 02:58:17.047"/>
</kw>
<kw name="Go To" library="SeleniumLibrary">
<arg>http://the-internet.herokuapp.com/login</arg>
<doc>Navigates the current browser window to the provided ``url``.</doc>
<msg timestamp="20230317 02:58:17.047" level="INFO">Opening url 'http://the-internet.herokuapp.com/login'</msg>
<status status="PASS" starttime="20230317 02:58:17.047" endtime="20230317 02:58:24.509"/>
</kw>
<kw name="Maximize Browser Window" library="SeleniumLibrary">
<doc>Maximizes current browser window.</doc>
<status status="PASS" starttime="20230317 02:58:24.510" endtime="20230317 02:58:24.642"/>
</kw>
<status status="PASS" starttime="20230317 02:58:15.630" endtime="20230317 02:58:24.642"/>
</kw>
<kw name="Input Text" library="SeleniumLibrary">
<arg>id:username</arg>
<arg>tomholland</arg>
<doc>Types the given ``text`` into the text field identified by ``locator``.</doc>
<msg timestamp="20230317 02:58:24.644" level="INFO">Typing text 'tomholland' into text field 'id:username'.</msg>
<status status="PASS" starttime="20230317 02:58:24.643" endtime="20230317 02:58:24.761"/>
</kw>
<kw name="Input Text" library="SeleniumLibrary">
<arg>id:password</arg>
<arg>Password!</arg>
<doc>Types the given ``text`` into the text field identified by ``locator``.</doc>
<msg timestamp="20230317 02:58:24.763" level="INFO">Typing text 'Password!' into text field 'id:password'.</msg>
<status status="PASS" starttime="20230317 02:58:24.762" endtime="20230317 02:58:24.860"/>
</kw>
<kw name="Press Keys" library="SeleniumLibrary">
<arg>xpath://*[@id="login"]/button/i</arg>
<arg>[return]</arg>
<doc>Simulates the user pressing key(s) to an element or on the active browser.</doc>
<msg timestamp="20230317 02:58:24.861" level="INFO">Sending key(s) ('[return]',) to xpath://*[@id="login"]/button/i element.</msg>
<msg timestamp="20230317 02:58:25.853" level="INFO">Sending keys [return]</msg>
<status status="PASS" starttime="20230317 02:58:24.860" endtime="20230317 02:58:25.868"/>
</kw>
<kw name="Wait Until Page Contains" library="SeleniumLibrary">
<arg>Your username is invalid!</arg>
<doc>Waits until ``text`` appears on the current page.</doc>
<status status="PASS" starttime="20230317 02:58:25.869" endtime="20230317 02:58:25.887"/>
</kw>
<kw name="Finish TestCase" library="CommonFunctional" type="TEARDOWN">
<kw name="Close Browser" library="SeleniumLibrary">
<doc>Closes the current browser.</doc>
<status status="PASS" starttime="20230317 02:58:25.888" endtime="20230317 02:58:28.101"/>
</kw>
<status status="PASS" starttime="20230317 02:58:25.888" endtime="20230317 02:58:28.101"/>
</kw>
<doc>To verify that users can login unsuccessfully when they put a username that did not exist.</doc>
<tag>Functional</tag>
<status status="PASS" starttime="20230317 02:58:15.627" endtime="20230317 02:58:28.103"/>
</test>
<doc>Login Functionality</doc>
<status status="PASS" starttime="20230317 02:57:09.040" endtime="20230317 02:58:28.108"/>
</suite>
<statistics>
<total>
<stat pass="3" fail="0" skip="0">All Tests</stat>
</total>
<tag>
<stat pass="3" fail="0" skip="0">Functional</stat>
</tag>
<suite>
<stat pass="3" fail="0" skip="0" id="s1" name="LoginTest">LoginTest</stat>
</suite>
</statistics>
<errors>
</errors>
</robot>
